
Обрабатываем D:\repos\MultiMaps\setup\MultiMaps.ci 06.12.2018 22:14:18
Лог-файл: D:\repos\MultiMaps\setup\MultiMaps.log 
Генерация исходников... 
Компиляции Gentee исходников... 
Создание файла установки: C:\test\MultiMapsSetup-5.0.0.5.exe 
Добавление temporary файла(ов) к EXE 
C:\Users\Sergio\AppData\Local\Temp\gentee02\english.lng 06.12.2018 22:14:19 5233  46.47%
C:\Users\Sergio\AppData\Local\Temp\gentee02\german.lng 06.12.2018 22:14:19 6237  45.77%
C:\Users\Sergio\AppData\Local\Temp\gentee02\russian.lng 06.12.2018 22:14:19 9310  40.45%
C:\Users\Sergio\AppData\Local\Temp\gentee02\spanish.lng 06.12.2018 22:14:19 5787  45.75%
C:\Program Files (x86)\CreateInstall\res\logo\default - 1.bmp 05.11.2002 14:52:24 7308  52.55%
d:\repos\MultiMaps\setup\whatsnew_en.rtf 01.12.2018 20:19:55 2249  44.50%
d:\repos\MultiMaps\setup\License_rus.rtf 22.11.2018 17:15:09 79499  19.46%
d:\repos\MultiMaps\setup\whatsnew_rus.rtf 01.12.2018 20:19:26 3940  38.19%
d:\repos\MultiMaps\setup\License_en.txt 22.11.2018 17:15:08 10775  45.25%
C:\Program Files (x86)\CreateInstall\res\leftimg\uninstall\uninstall - 1.bmp 10.11.2002 14:56:02 20678  28.19%
C:\Program Files (x86)\CreateInstall\res\leftimg\install\install - 1.bmp 10.11.2002 14:56:02 20678  33.44%
Создание файла установки: C:\Users\Sergio\AppData\Local\Temp\gentee02\uninstall.exe 
Добавление uninstall файла(ов) к EXE 
Получение списка файлов 
Упаковка файлов... 
================================ 
d:\repos\MultiMaps\setup\images_for_highres\bookmark.png 22.11.2018 17:15:09 565  101.59%
d:\repos\MultiMaps\setup\images_for_highres\collect.png 22.11.2018 17:15:09 1053  100.85%
d:\repos\MultiMaps\setup\images_for_highres\common_stock.png 22.11.2018 17:15:09 799  101.12%
d:\repos\MultiMaps\setup\images_for_highres\documents.png 22.11.2018 17:15:09 1124  43.95%
d:\repos\MultiMaps\setup\images_for_highres\express_bookmark.png 22.11.2018 17:15:09 1126  100.79%
d:\repos\MultiMaps\setup\images_for_highres\lists.png 22.11.2018 17:15:09 738  101.21%
d:\repos\MultiMaps\setup\images_for_highres\macros.png 22.11.2018 17:15:09 1234  87.76%
d:\repos\MultiMaps\setup\images_for_highres\mapnav.png 22.11.2018 17:15:09 855  101.05%
d:\repos\MultiMaps\setup\images_for_highres\mark_task.png 22.11.2018 17:15:09 1103  72.71%
d:\repos\MultiMaps\setup\images_for_highres\send_changes.png 22.11.2018 17:15:09 1254  100.71%
d:\repos\MultiMaps\setup\images_for_highres\sourcemarks.png 22.11.2018 17:15:09 1164  100.77%
d:\repos\MultiMaps\setup\images_for_highres\sync.png 22.11.2018 17:15:09 431  102.08%
d:\repos\MultiMaps\setup\images_for_highres\template.png 22.11.2018 17:15:09 988  100.91%
d:\repos\MultiMaps\setup\images\about.png 22.11.2018 17:15:08 523  101.72%
d:\repos\MultiMaps\setup\images\add.png 22.11.2018 17:15:08 439  102.05%
d:\repos\MultiMaps\setup\images\attachment.png 22.11.2018 17:15:08 1004  30.37%
d:\repos\MultiMaps\setup\images\audio.png 22.11.2018 17:15:08 1088  68.19%
d:\repos\MultiMaps\setup\images\bookmark.png 22.11.2018 17:15:08 324  97.83%
d:\repos\MultiMaps\setup\images\bookmark_favorites_s.png 22.11.2018 17:15:08 715  95.80%
d:\repos\MultiMaps\setup\images\bookmark_s.png 22.11.2018 17:15:08 460  91.52%
d:\repos\MultiMaps\setup\images\brokenlink.png 22.11.2018 17:15:08 1106  33.09%
d:\repos\MultiMaps\setup\images\chm.png 22.11.2018 17:15:08 1058  26.84%
d:\repos\MultiMaps\setup\images\collect.png 22.11.2018 17:15:08 384  89.58%
d:\repos\MultiMaps\setup\images\collect_s.png 22.11.2018 17:15:08 301  85.38%
d:\repos\MultiMaps\setup\images\common_stock.png 22.11.2018 17:15:08 370  89.45%
d:\repos\MultiMaps\setup\images\common_stock_s.png 22.11.2018 17:15:08 474  91.35%
d:\repos\MultiMaps\setup\images\config.png 22.11.2018 17:15:08 1008  78.76%
d:\repos\MultiMaps\setup\images\delay.png 22.11.2018 17:15:08 1167  35.98%
d:\repos\MultiMaps\setup\images\delete_all.png 22.11.2018 17:15:08 565  65.84%
d:\repos\MultiMaps\setup\images\demo_s.png 22.11.2018 17:15:08 716  96.36%
d:\repos\MultiMaps\setup\images\doc.png 22.11.2018 17:15:08 1094  28.61%
d:\repos\MultiMaps\setup\images\documents.png 22.11.2018 17:15:08 1206  36.89%
d:\repos\MultiMaps\setup\images\documents_s.png 22.11.2018 17:15:08 386  93.52%
d:\repos\MultiMaps\setup\images\exe.png 22.11.2018 17:15:08 1070  27.00%
d:\repos\MultiMaps\setup\images\expressfloat.png 22.11.2018 17:15:08 961  82.83%
d:\repos\MultiMaps\setup\images\expresssync2d.ico 22.11.2018 17:15:08 198  55.05%
d:\repos\MultiMaps\setup\images\express_bookmark.png 22.11.2018 17:15:08 389  91.51%
d:\repos\MultiMaps\setup\images\express_bookmark_s.png 22.11.2018 17:15:08 783  95.65%
d:\repos\MultiMaps\setup\images\file.png 22.11.2018 17:15:08 1095  29.49%
d:\repos\MultiMaps\setup\images\findinmap.png 22.11.2018 17:15:08 1043  61.64%
d:\repos\MultiMaps\setup\images\folder.png 22.11.2018 17:15:08 686  96.79%
d:\repos\MultiMaps\setup\images\help.png 22.11.2018 17:15:08 726  97.10%
d:\repos\MultiMaps\setup\images\img.png 22.11.2018 17:15:08 1080  28.51%
d:\repos\MultiMaps\setup\images\link.png 22.11.2018 17:15:08 545  92.47%
d:\repos\MultiMaps\setup\images\lists.png 22.11.2018 17:15:08 365  92.60%
d:\repos\MultiMaps\setup\images\lists_s.png 22.11.2018 17:15:08 680  72.94%
d:\repos\MultiMaps\setup\images\macros.png 22.11.2018 17:15:08 1225  81.55%
d:\repos\MultiMaps\setup\images\macros_s.png 22.11.2018 17:15:08 1086  78.82%
d:\repos\MultiMaps\setup\images\manage.png 22.11.2018 17:15:08 441  92.06%
d:\repos\MultiMaps\setup\images\map.png 22.11.2018 17:15:08 1102  29.76%
d:\repos\MultiMaps\setup\images\mapnav.png 22.11.2018 17:15:08 356  91.85%
d:\repos\MultiMaps\setup\images\mapnav_s.png 22.11.2018 17:15:08 275  82.18%
d:\repos\MultiMaps\setup\images\mark_task.png 22.11.2018 17:15:08 377  89.65%
d:\repos\MultiMaps\setup\images\mark_task_s.png 22.11.2018 17:15:08 448  51.56%
d:\repos\MultiMaps\setup\images\mm_project.ico 22.11.2018 17:15:08 7886  70.26%
d:\repos\MultiMaps\setup\images\mm_subproject.ico 22.11.2018 17:15:08 7886  67.27%
d:\repos\MultiMaps\setup\images\pdf.png 22.11.2018 17:15:08 1119  29.49%
d:\repos\MultiMaps\setup\images\register.png 22.11.2018 17:15:08 409  94.37%
d:\repos\MultiMaps\setup\images\resource.png 22.11.2018 17:15:08 962  100.93%
d:\repos\MultiMaps\setup\images\send_changes.png 22.11.2018 17:15:08 584  101.54%
d:\repos\MultiMaps\setup\images\send_changes_s.png 22.11.2018 17:15:08 541  101.66%
d:\repos\MultiMaps\setup\images\settings.png 22.11.2018 17:15:08 495  101.81%
d:\repos\MultiMaps\setup\images\sourcemarks.png 22.11.2018 17:15:08 1157  100.77%
d:\repos\MultiMaps\setup\images\sourcemarks_s.png 22.11.2018 17:15:08 851  101.05%
d:\repos\MultiMaps\setup\images\sync-1.ico 22.11.2018 17:15:08 1406  8.60%
d:\repos\MultiMaps\setup\images\sync-1checked.ico 22.11.2018 17:15:08 1406  7.68%
d:\repos\MultiMaps\setup\images\sync-2.ico 22.11.2018 17:15:08 1406  5.04%
d:\repos\MultiMaps\setup\images\sync-2checked.ico 22.11.2018 17:15:08 1406  6.97%
d:\repos\MultiMaps\setup\images\sync-3.ico 22.11.2018 17:15:08 1406  5.04%
d:\repos\MultiMaps\setup\images\sync-3checked.ico 22.11.2018 17:15:08 1406  7.39%
d:\repos\MultiMaps\setup\images\sync.png 22.11.2018 17:15:08 424  102.12%
d:\repos\MultiMaps\setup\images\sync.wav 22.11.2018 17:15:08 46126  16.20%
d:\repos\MultiMaps\setup\images\sync1.ico 22.11.2018 17:15:08 1150  36.78%
d:\repos\MultiMaps\setup\images\sync2.ico 22.11.2018 17:15:08 1150  10.60%
d:\repos\MultiMaps\setup\images\sync3.ico 22.11.2018 17:15:08 1150  16.78%
d:\repos\MultiMaps\setup\images\sync4.ico 22.11.2018 17:15:08 1150  14.17%
d:\repos\MultiMaps\setup\images\sync4checked.ico 22.11.2018 17:15:08 1406  8.74%
d:\repos\MultiMaps\setup\images\sync5.ico 22.11.2018 17:15:08 1150  15.21%
d:\repos\MultiMaps\setup\images\sync5checked.ico 22.11.2018 17:15:08 1406  7.89%
d:\repos\MultiMaps\setup\images\sync6.ico 22.11.2018 17:15:08 1150  13.13%
d:\repos\MultiMaps\setup\images\sync6checked.ico 22.11.2018 17:15:08 1406  7.25%
d:\repos\MultiMaps\setup\images\sync7.ico 22.11.2018 17:15:08 1150  12.00%
d:\repos\MultiMaps\setup\images\sync_s.png 22.11.2018 17:15:08 456  101.97%
d:\repos\MultiMaps\setup\images\task.png 22.11.2018 17:15:08 584  101.54%
d:\repos\MultiMaps\setup\images\template.png 22.11.2018 17:15:08 379  102.37%
d:\repos\MultiMaps\setup\images\template_s.png 22.11.2018 17:15:08 324  102.77%
d:\repos\MultiMaps\setup\images\txt.png 22.11.2018 17:15:08 1096  71.89%
d:\repos\MultiMaps\setup\images\web.ico 22.11.2018 17:15:08 1406  24.82%
d:\repos\MultiMaps\setup\images\web.png 22.11.2018 17:15:08 1139  31.78%
d:\repos\MultiMaps\setup\images\xls.png 22.11.2018 17:15:08 1103  28.83%
d:\repos\MultiMaps\setup\lang-resources\english\Resources\dashboards_config.mmap 22.11.2018 17:15:09 65648  95.55%
d:\repos\MultiMaps\setup\lang-resources\english\Resources\Dash_icons_tags.mmat 22.11.2018 17:15:09 41933  45.24%
d:\repos\MultiMaps\setup\lang-resources\english\Resources\dc_kanban_base.mmat 22.11.2018 17:15:09 47549  50.69%
d:\repos\MultiMaps\setup\lang-resources\english\Resources\dc_kanban_time.mmat 22.11.2018 17:15:09 52006  43.85%
d:\repos\MultiMaps\setup\lang-resources\english\Resources\dc_next_week.mmat 22.11.2018 17:15:09 85518  68.76%
d:\repos\MultiMaps\setup\lang-resources\english\Resources\dc_relationships.mmat 22.11.2018 17:15:09 47943  51.03%
d:\repos\MultiMaps\setup\lang-resources\english\Resources\dc_this_week.mmat 22.11.2018 17:15:09 86549  25.36%
d:\repos\MultiMaps\setup\lang-resources\english\Resources\dc_today.mmat 22.11.2018 17:15:09 106273  32.81%
d:\repos\MultiMaps\setup\lang-resources\english\Resources\Demo_1.mmap 22.11.2018 17:15:09 51252  54.89%
d:\repos\MultiMaps\setup\lang-resources\english\Resources\Demo_2.mmap 22.11.2018 17:15:09 49098  52.16%
d:\repos\MultiMaps\setup\lang-resources\english\Resources\Demo_3.mmap 22.11.2018 17:15:09 104707  49 49.
d
d:\repos\MultiMaps\setup\lang-resources\english\Resources\Demo_4.mmap 22.11.2018 17:15:09 836 65 65.
d
d:\repos\MultiMaps\setup\lang-resources\english\Resources\Demo_Central Map.mmap 22.11.2018 17:15:09 532 37 37.
d:\repos\MultiMaps\setup\lang-resources\english\Resources\demo_tracking.mmat 22.11.2018 17:15:09 47910  83 83.
d:\repos\MultiMaps\setup\lang-resources\english\Resources\SortByMarkers.mmbas 22.11.2018 17:15:09 8487  29 29.
d
d:\repos\MultiMaps\setup\lang-resources\english\Root\I18n.ini 22.11.2018 17:15:09  14 140.
d
d:\repos\MultiMaps\setup\lang-resources\german\Resources\dashboards_config.mmap 22.11.2018 17:15:09 653 95 95.
d
d:\repos\MultiMaps\setup\lang-resources\german\Resources\Dash_icons_tags.mmat 22.11.2018 17:15:09 377 96 96.
d:\repos\MultiMaps\setup\lang-resources\german\Resources\dc_kanban_base.mmat 22.11.2018 17:15:09 43853  88.78%
d:\repos\MultiMaps\setup\lang-resources\german\Resources\dc_kanban_time.mmat 22.11.2018 17:15:09 48458  46 46.
d:\repos\MultiMaps\setup\lang-resources\german\Resources\dc_next_week.mmat 22.11.2018 17:15:09 81915  71 71.
d:\repos\MultiMaps\setup\lang-resources\german\Resources\dc_relationships.mmat 22.11.2018 17:15:09 44372  54 54.
d
d:\repos\MultiMaps\setup\lang-resources\german\Resources\dc_this_week.mmat 22.11.2018 17:15:09 828 25 25.
d
d:\repos\MultiMaps\setup\lang-resources\german\Resources\dc_today.mmat 22.11.2018 17:15:09 1031 33 33.82%
d:\repos\MultiMaps\setup\lang-resources\german\Resources\Demo_1.mmap 22.11.2018 17:15:09 538 57 57.
d
d:\repos\MultiMaps\setup\lang-resources\german\Resources\Demo_2.mmap 22.11.2018 17:15:09 463 93 93.96%
d:\repos\MultiMaps\setup\lang-resources\german\Resources\Demo_3.mmap 22.11.2018 17:15:09 1023 62 62.54%
d:\repos\MultiMaps\setup\lang-resources\german\Resources\Demo_4.mmap 22.11.2018 17:15:09 813 66 66.
d
d:\repos\MultiMaps\setup\lang-resources\german\Resources\Demo_Central Map.mmap 22.11.2018 17:15:09 485 38.02%
d:\repos\MultiMaps\setup\lang-resources\german\Resources\demo_tracking.mmat 22.11.2018 17:15:09 47892  45.76%
d
d:\repos\MultiMaps\setup\lang-resources\german\Resources\SortByMarkers.mmbas 22.11.2018 17:15:09 84 29 29.
d
d:\repos\MultiMaps\setup\lang-resources\german\Root\I18n.ini 06.12.2018 22:09:34 652 27 27.
d
d:\repos\MultiMaps\setup\lang-resources\russian\Resources\dashboards_config.mmap 01.12.2018 12:45:56 687 95 95.
d:\repos\MultiMaps\setup\lang-resources\russian\Resources\Dash_icons_tags.mmat 22.11.2018 17:15:09 39856  95.61%
d:\repos\MultiMaps\setup\lang-resources\russian\Resources\dc_kanban_base.mmat 22.11.2018 17:15:09 46626  53.06%
d:\repos\MultiMaps\setup\lang-resources\russian\Resources\dc_kanban_time.mmat 22.11.2018 17:15:09 50720  45 45.
d
d:\repos\MultiMaps\setup\lang-resources\russian\Resources\dc_next_week.mmat 22.11.2018 17:15:09 879 67.72%
d:\repos\MultiMaps\setup\lang-resources\russian\Resources\dc_relationships.mmat 22.11.2018 17:15:09 45996  52 52.
d
d:\repos\MultiMaps\setup\lang-resources\russian\Resources\dc_this_week.mmat 22.11.2018 17:15:09 889 25 25.
d
d:\repos\MultiMaps\setup\lang-resources\russian\Resources\dc_today.mmat 22.11.2018 17:15:09 1085 31 31.
d:\repos\MultiMaps\setup\lang-resources\russian\Resources\Demo_1.mmap 22.11.2018 17:15:09 62341  54 54.
d
d:\repos\MultiMaps\setup\lang-resources\russian\Resources\Demo_2.mmap 22.11.2018 17:15:09 587 50 50.
d
d:\repos\MultiMaps\setup\lang-resources\russian\Resources\Demo_3.mmap 22.11.2018 17:15:09 1094 52.04%
d:\repos\MultiMaps\setup\lang-resources\russian\Resources\Demo_4.mmap 22.11.2018 17:15:09 86289  66.23%
d:\repos\MultiMaps\setup\lang-resources\russian\Resources\Demo_Central Map.mmap 22.11.2018 17:15:09 54436  38.88%
d:\repos\MultiMaps\setup\lang-resources\russian\Resources\demo_tracking.mmat 22.11.2018 17:15:09 51231  46.31%
d:\repos\MultiMaps\setup\lang-resources\russian\Resources\SortByMarkers.mmbas 22.11.2018 17:15:09 8996  30.82%
d
d:\repos\MultiMaps\setup\lang-resources\russian\Root\I18n.ini 06.12.2018 22:08:40 859 23.96%
d
d:\repos\MultiMaps\setup\lang-resources\russian\Root\MultiMaps.chm 22.11.2018 17:15:09 16474 100.00%
d:\repos\MultiMaps\setup\lang-resources\spanish\Resources\dashboards_config.mmap 22.11.2018 17:15:09 66326  95 95.
d
d:\repos\MultiMaps\setup\lang-resources\spanish\Resources\Dash_icons_tags.mmat 22.11.2018 17:15:09 373 95 95.
d
d:\repos\MultiMaps\setup\lang-resources\spanish\Resources\dc_kanban_base.mmat 22.11.2018 17:15:09 438 88 88.
d:\repos\MultiMaps\setup\lang-resources\spanish\Resources\dc_kanban_time.mmat 22.11.2018 17:15:09 48274  46.06%
d:\repos\MultiMaps\setup\lang-resources\spanish\Resources\dc_next_week.mmat 22.11.2018 17:15:09 82097  71 71.
d
d:\repos\MultiMaps\setup\lang-resources\spanish\Resources\dc_relationships.mmat 22.11.2018 17:15:09 442 54 54.
d:\repos\MultiMaps\setup\lang-resources\spanish\Resources\dc_this_week.mmat 22.11.2018 17:15:09 82995  24.85%
d
d:\repos\MultiMaps\setup\lang-resources\spanish\Resources\dc_today.mmat 22.11.2018 17:15:09 1031 32.74%
d:\repos\MultiMaps\setup\lang-resources\spanish\Resources\Demo_1.mmap 22.11.2018 17:15:09 57100  59.63%
d
d:\repos\MultiMaps\setup\lang-resources\spanish\Resources\Demo_2.mmap 22.11.2018 17:15:09 465 56.42%
d:\repos\MultiMaps\setup\lang-resources\spanish\Resources\Demo_3.mmap 22.11.2018 17:15:09 101505  51.42%
d:\repos\MultiMaps\setup\lang-resources\spanish\Resources\Demo_4.mmap 22.11.2018 17:15:09 80827  67.96%
d:\repos\MultiMaps\setup\lang-resources\spanish\Resources\Demo_Central Map.mmap 22.11.2018 17:15:09 49577  39.32%
d:\repos\MultiMaps\setup\lang-resources\spanish\Resources\demo_tracking.mmat 22.11.2018 17:15:09 48732  46 46.
d:\repos\MultiMaps\setup\lang-resources\spanish\Resources\SortByMarkers.mmbas 22.11.2018 17:15:09 8487  29 29.
d
d:\repos\MultiMaps\setup\lang-resources\spanish\Root\I18n.ini 06.12.2018 22:09:24 639 26 26.
d:\repos\MultiMaps\setup\common-root\Community.CsharpSqlite4.dll 01.12.2018 20:12:00 568832  44 44.
d:\repos\MultiMaps\setup\common-root\I18n.default.ini 01.12.2018 12:45:56 59233  25 25.
d
d:\repos\MultiMaps\setup\common-root\RegAsm.exe 05.11.2015 20:36:48 641 43 43.
d
d:\repos\MultiMaps\setup\common-root\regasm.exe.config 22.11.2018 17:15:08 2 58 58.
d:\repos\MultiMaps\setup\common-root\RegAsm64.exe 05.11.2015 20:34:06 63640  4. 4.
d:\repos\MultiMaps\setup\common-root\regasm64.exe.config 22.11.2018 17:15:08 281  11 11.
d:\repos\MultiMaps\setup\MultiMaps\MultiMaps.chm 22.11.2018 17:15:08 1586782  100. 10
d:\repos\MultiMaps\setup\MultiMaps\MultiMaps16.dll 06.12.2018 22:12:21 720384  35.09%
d:\repos\MultiMaps\setup\MultiMaps\MultiMaps17.dll 06.12.2018 22:12:21 720896  35.07%
d:\repos\MultiMaps\setup\MultiMaps\MultiMaps18.dll 06.12.2018 22:12:21 719360  35.10%
d:\repos\MultiMaps\setup\MultiMaps\MultiMaps19.dll 06.12.2018 22:12:21 718848  35.12%
Дубликат: d:\repos\MultiMaps\setup\MultiMaps\MultiMaps16.dll 
d:\repos\MultiMaps\setup\MultiMaps\MultiMaps16.dll 06.12.2018 22:12:21 720384  35.09%
Дубликат: d:\repos\MultiMaps\setup\MultiMaps\MultiMaps17.dll 
d:\repos\MultiMaps\setup\MultiMaps\MultiMaps17.dll 06.12.2018 22:12:21 720896  35.07%
Дубликат: d:\repos\MultiMaps\setup\MultiMaps\MultiMaps18.dll 
d:\repos\MultiMaps\setup\MultiMaps\MultiMaps18.dll 06.12.2018 22:12:21 719360  35.10%
Дубликат: d:\repos\MultiMaps\setup\MultiMaps\MultiMaps19.dll 
d:\repos\MultiMaps\setup\MultiMaps\MultiMaps19.dll 06.12.2018 22:12:21 718848  35.12%
================================ 
Все файлы: 170 [ 13477KB => 7542KB ] 
Размер файла C:\test\MultiMapsSetup-5.0.0.5.exe: 7710 KB 
Успешное окончание 06.12.2018 22:14:37ое окончание 06.12.2018 22:14:37